app/build/outputs/logs/manifest-merger-debug-report.txt
-- Merging decision tree log ---
manifest
ADDED from src/main/AndroidManifest.xml:2:1-35:12
	xmlns:android
		ADDED from src/main/AndroidManifest.xml:2:11-69
	package
		ADDED from src/main/AndroidManifest.xml:3:5-31
		INJECTED from src/main/AndroidManifest.xml
		INJECTED from src/main/AndroidManifest.xml
	android:versionName
		ADDED from src/main/AndroidManifest.xml:5:5-30
		INJECTED from src/main/AndroidManifest.xml
		INJECTED from src/main/AndroidManifest.xml
	android:versionCode
		ADDED from src/main/AndroidManifest.xml:4:5-28
		INJECTED from src/main/AndroidManifest.xml
		INJECTED from src/main/AndroidManifest.xml
uses-sdk
ADDED from src/main/AndroidManifest.xml:7:5-73
	android:targetSdkVersion
		ADDED from src/main/AndroidManifest.xml:7:42-71
		INJECTED from src/main/AndroidManifest.xml
		INJECTED from src/main/AndroidManifest.xml
	android:minSdkVersion
		ADDED from src/main/AndroidManifest.xml:7:15-41
		INJECTED from src/main/AndroidManifest.xml
		INJECTED from src/main/AndroidManifest.xml
supports-screens
ADDED from src/main/AndroidManifest.xml:8:2-13:34
	android:resizeable
		ADDED from src/main/AndroidManifest.xml:12:6-31
	android:largeScreens
		ADDED from src/main/AndroidManifest.xml:9:6-33
	android:anyDensity
		ADDED from src/main/AndroidManifest.xml:13:6-31
	android:normalScreens
		ADDED from src/main/AndroidManifest.xml:10:6-34
	android:smallScreens
		ADDED from src/main/AndroidManifest.xml:11:6-33
uses-permission#android.permission.VIBRATE
ADDED from src/main/AndroidManifest.xml:14:2-63
	android:name
		ADDED from src/main/AndroidManifest.xml:14:19-60
uses-permission#android.permission.READ_PHONE_STATE
ADDED from src/main/AndroidManifest.xml:15:2-72
	android:name
		ADDED from src/main/AndroidManifest.xml:15:19-69
uses-permission#android.permission.INTERNET
ADDED from src/main/AndroidManifest.xml:16:2-64
	android:name
		ADDED from src/main/AndroidManifest.xml:16:19-61
uses-permission#android.permission.WRITE_EXTERNAL_STORAGE
ADDED from src/main/AndroidManifest.xml:17:2-78
	android:name
		ADDED from src/main/AndroidManifest.xml:17:19-75
uses-permission#android.permission.ACCESS_NETWORK_STATE
ADDED from src/main/AndroidManifest.xml:18:2-76
	android:name
		ADDED from src/main/AndroidManifest.xml:18:19-73
application
ADDED from src/main/AndroidManifest.xml:20:5-33:19
	android:label
		ADDED from src/main/AndroidManifest.xml:22:9-41
	android:icon
		ADDED from src/main/AndroidManifest.xml:21:9-38
activity#com.agoraproject.AgoraProjectActivity
ADDED from src/main/AndroidManifest.xml:23:9-32:20
	android:label
		ADDED from src/main/AndroidManifest.xml:25:13-45
	android:configChanges
		ADDED from src/main/AndroidManifest.xml:26:13-90
	android:name
		ADDED from src/main/AndroidManifest.xml:24:13-49
intent-filter#android.intent.action.MAIN+android.intent.category.LAUNCHER
ADDED from src/main/AndroidManifest.xml:27:13-31:29
action#android.intent.action.MAIN
ADDED from src/main/AndroidManifest.xml:28:17-69
	android:name
		ADDED from src/main/AndroidManifest.xml:28:25-66
category#android.intent.category.LAUNCHER
ADDED from src/main/AndroidManifest.xml:30:17-77
	android:name
		ADDED from src/main/AndroidManifest.xml:30:27-74